<?xml version="1.0" encoding="UTF-8"?>
<!-- Generated by org.testng.reporters.JUnitXMLReporter -->
<testsuite ignored="0" hostname="DESKTOP-G2RVEG0" failures="0" tests="2" name="Test-Runner1" time="5.91" errors="0" timestamp="2025-04-08T08:33:06 IST">
  <testcase classname="inventoryTests.AddProductToCartTest" name="sortProducts" time="0.015"/>
  <testcase classname="inventoryTests.AddProductToCartTest" name="tc_001_AddProductToCartTest" time="0.685"/>
</testsuite> <!-- Test-Runner1 -->
