<?xml version="1.0" encoding="UTF-8"?>
<!-- Generated by org.testng.reporters.JUnitReportReporter -->
<testsuite hostname="DESKTOP-G2RVEG0" failures="0" tests="1" name="inventoryTests.AddProductToCartTest" time="1.960" errors="0" timestamp="2025-04-15T08:26:23 IST" skipped="0">
  <testcase classname="inventoryTests.AddProductToCartTest" name="tc_001_AddProductToCartTest" time="1.960"/>
  <system-out/>
</testsuite> <!-- inventoryTests.AddProductToCartTest -->
