<?xml version="1.0" encoding="UTF-8"?>
<!-- Generated by org.testng.reporters.JUnitReportReporter -->
<testsuite hostname="DESKTOP-G2RVEG0" failures="0" tests="1" name="Practice.AddProductToCart_UsingDataFromGU" time="7.105" errors="0" timestamp="2025-04-03T08:01:25 IST" skipped="0">
  <testcase classname="Practice.AddProductToCart_UsingDataFromGU" name="AddProductToCart" time="7.105"/>
</testsuite> <!-- Practice.AddProductToCart_UsingDataFromGU -->
