<?xml version="1.0" encoding="UTF-8"?>
<!-- Generated by org.testng.reporters.JUnitReportReporter -->
<testsuite hostname="DESKTOP-G2RVEG0" failures="0" tests="2" name="inventoryTests.AddProductToCart" time="2.357" errors="0" timestamp="2025-04-05T08:53:58 IST" skipped="0">
  <testcase classname="inventoryTests.AddProductToCart" name="tc_001_AddProductToCartTest" time="1.889"/>
  <system-out/>
  <testcase classname="inventoryTests.AddProductToCart" name="sortProducts" time="0.468"/>
  <system-out/>
</testsuite> <!-- inventoryTests.AddProductToCart -->
